#
# A fatal error has been detected by the Java Runtime Environment:
#
#  EXCEPTION_ACCESS_VIOLATION (0xc0000005) at pc=0x00000000555f583a, pid=2520, tid=9900
#
# JRE version: Java(TM) SE Runtime Environment (8.0_60-b27) (build 1.8.0_60-b27)
# Java VM: Java HotSpot(TM) 64-Bit Server VM (25.60-b23 mixed mode windows-amd64 compressed oops)
# Problematic frame:
# C  [glass.dll+0x2583a]
#
# Failed to write core dump. Minidumps are not enabled by default on client versions of Windows
#
# If you would like to submit a bug report, please visit:
#   http://bugreport.java.com/bugreport/crash.jsp
#

---------------  T H R E A D  ---------------

Current thread (0x0000000016ac7000):  VMThread [stack: 0x0000000017b50000,0x0000000017c50000] [id=9900]

siginfo: ExceptionCode=0xc0000005, reading address 0x0000000000000000

Registers:
RAX=0x0000000000000000, RBX=0x000000001a7aca38, RCX=0x0000000016ac7000, RDX=0x000000001a7aca38
RSP=0x0000000017c4f290, RBP=0x0000000000287e90, RSI=0x0000000000000001, RDI=0x0000000000000000
R8 =0x0000000000010002, R9 =0x0000000000287e90, R10=0x0000000000000000, R11=0x0000000000000286
R12=0x0000000000287ec0, R13=0x0000000000287e90, R14=0x0000000000287ea0, R15=0x0000000000000000
RIP=0x00000000555f583a, EFLAGS=0x0000000000010206

Top of Stack: (sp=0x0000000017c4f290)
0x0000000017c4f290:   0000000000000000 00000000555f58f0
0x0000000017c4f2a0:   0000000000000000 0000000000000000
0x0000000017c4f2b0:   00000000555f5820 00000000555f3214
0x0000000017c4f2c0:   00000000555b91a0 000000009d5ad38c
0x0000000017c4f2d0:   0000000000287e90 00007ffc2a902d6b
0x0000000017c4f2e0:   00000000555f3374 00000000555d0000
0x0000000017c4f2f0:   0000000001ec1628 00000000555f3496
0x0000000017c4f300:   0000000000000001 00000000169d5500
0x0000000017c4f310:   0000000000000000 0000000000000000
0x0000000017c4f320:   c000000500000001 0000000017c4e440
0x0000000017c4f330:   0000000000000001 00007ffc2d8fc334
0x0000000017c4f340:   0000000000000000 00000000555f3374
0x0000000017c4f350:   00000000555d0000 00007ffc2d8fd44f
0x0000000017c4f360:   0000d3f44525abb2 0000000000296dc0
0x0000000017c4f370:   00007ffc23ca1600 00007ffc2da10d10
0x0000000017c4f380:   00007ffc2da10d10 00007ff7a99de000 

Instructions: (pc=0x00000000555f583a)
0x00000000555f581a:   83 c4 20 5d c3 cc 40 53 48 83 ec 20 48 8b 1d db
0x00000000555f582a:   5b 01 00 48 85 db 74 1a e8 29 93 ff ff 48 8b d3
0x00000000555f583a:   4c 8b 00 48 8b c8 48 83 c4 20 5b 49 ff a0 b0 00
0x00000000555f584a:   00 00 48 83 c4 20 5b c3 cc cc cc cc cc cc cc cc 


Register to memory mapping:

RAX=0x0000000000000000 is an unknown value
RBX=0x000000001a7aca38 is a global jni handle
RCX=0x0000000016ac7000 is an unknown value
RDX=0x000000001a7aca38 is a global jni handle
RSP=0x0000000017c4f290 is an unknown value
RBP=0x0000000000287e90 is an unknown value
RSI=0x0000000000000001 is an unknown value
RDI=0x0000000000000000 is an unknown value
R8 =0x0000000000010002 is an unknown value
R9 =0x0000000000287e90 is an unknown value
R10=0x0000000000000000 is an unknown value
R11=0x0000000000000286 is an unknown value
R12=0x0000000000287ec0 is an unknown value
R13=0x0000000000287e90 is an unknown value
R14=0x0000000000287ea0 is an unknown value
R15=0x0000000000000000 is an unknown value


Stack: [0x0000000017b50000,0x0000000017c50000],  sp=0x0000000017c4f290,  free space=1020k
Native frames: (J=compiled Java code, j=interpreted, Vv=VM code, C=native code)
C  [glass.dll+0x2583a]
C  [glass.dll+0x23214]
C  [glass.dll+0x23496]
C  [ntdll.dll+0x1c334]
C  [ntdll.dll+0x1b742]
C  [ntdll.dll+0x18448]
C  [KERNEL32.DLL+0x516a]
C  [msvcr100.dll+0x20ccd]
V  [jvm.dll+0x210a25]
V  [jvm.dll+0x249747]
V  [jvm.dll+0x2489e6]
V  [jvm.dll+0x248e81]
V  [jvm.dll+0x24909e]
V  [jvm.dll+0x299f6a]
C  [msvcr100.dll+0x21d9f]
C  [msvcr100.dll+0x21e3b]
C  [KERNEL32.DLL+0x13d2]
C  [ntdll.dll+0x15454]

VM_Operation (0x0000000018f0ac40): Exit, mode: safepoint, requested by thread 0x000000001879b800


---------------  P R O C E S S  ---------------

Java Threads: ( => current thread )
  0x000000001a7cd800 JavaThread "Prism Font Disposer" daemon [_thread_blocked, id=1296, stack(0x000000001cf80000,0x000000001d080000)]
  0x000000001882e800 JavaThread "Thread-3" daemon [_thread_in_native, id=3668, stack(0x000000001aea0000,0x000000001afa0000)]
  0x00000000187be000 JavaThread "JavaFX-Launcher" [_thread_blocked, id=4308, stack(0x000000001afa0000,0x000000001b0a0000)]
  0x000000001879b800 JavaThread "JavaFX Application Thread" [_thread_blocked, id=7500, stack(0x0000000018e10000,0x0000000018f10000)]
  0x0000000018780800 JavaThread "Thread-1" daemon [_thread_blocked, id=5600, stack(0x0000000018d10000,0x0000000018e10000)]
  0x000000001876d000 JavaThread "QuantumRenderer-0" daemon [_thread_blocked, id=5328, stack(0x0000000018a30000,0x0000000018b30000)]
  0x0000000018450800 JavaThread "Service Thread" daemon [_thread_blocked, id=7528, stack(0x0000000018830000,0x0000000018930000)]
  0x0000000016b52000 JavaThread "C1 CompilerThread2" daemon [_thread_blocked, id=8664, stack(0x0000000018330000,0x0000000018430000)]
  0x0000000016b4f000 JavaThread "C2 CompilerThread1" daemon [_thread_blocked, id=9176, stack(0x0000000018230000,0x0000000018330000)]
  0x0000000016afd800 JavaThread "C2 CompilerThread0" daemon [_thread_blocked, id=9104, stack(0x0000000018130000,0x0000000018230000)]
  0x0000000016afc000 JavaThread "Attach Listener" daemon [_thread_blocked, id=5132, stack(0x0000000018030000,0x0000000018130000)]
  0x0000000016afa800 JavaThread "Signal Dispatcher" daemon [_thread_blocked, id=7236, stack(0x0000000017f30000,0x0000000018030000)]
  0x0000000001fc6800 JavaThread "Finalizer" daemon [_thread_blocked, id=688, stack(0x0000000017d50000,0x0000000017e50000)]
  0x0000000016ac8800 JavaThread "Reference Handler" daemon [_thread_blocked, id=7988, stack(0x0000000017c50000,0x0000000017d50000)]
  0x0000000001ed1000 JavaThread "main" [_thread_blocked, id=9580, stack(0x0000000001d00000,0x0000000001e00000)]

Other Threads:
=>0x0000000016ac7000 VMThread [stack: 0x0000000017b50000,0x0000000017c50000] [id=9900]

VM state:at safepoint (shutting down)

VM Mutex/Monitor currently owned by a thread:  ([mutex/lock_event])
[0x0000000001ecbe00] Threads_lock - owner thread: 0x0000000016ac7000

Heap:
 PSYoungGen      total 38400K, used 33280K [0x00000000d5f00000, 0x00000000d8980000, 0x0000000100000000)
  eden space 33280K, 100% used [0x00000000d5f00000,0x00000000d7f80000,0x00000000d7f80000)
  from space 5120K, 0% used [0x00000000d8480000,0x00000000d8480000,0x00000000d8980000)
  to   space 5120K, 0% used [0x00000000d7f80000,0x00000000d7f80000,0x00000000d8480000)
 ParOldGen       total 87552K, used 0K [0x0000000081c00000, 0x0000000087180000, 0x00000000d5f00000)
  object space 87552K, 0% used [0x0000000081c00000,0x0000000081c00000,0x0000000087180000)
 Metaspace       used 13912K, capacity 14546K, committed 14848K, reserved 1062912K
  class space    used 2094K, capacity 2251K, committed 2304K, reserved 1048576K

Card table byte_map: [0x0000000011390000,0x0000000011790000] byte_map_base: 0x0000000010f82000

Marking Bits: (ParMarkBitMap*) 0x00000000553ba5b0
 Begin Bits: [0x0000000011e40000, 0x0000000013dd0000)
 End Bits:   [0x0000000013dd0000, 0x0000000015d60000)

Polling page: 0x0000000001cc0000

CodeCache: size=245760Kb used=3935Kb max_used=3935Kb free=241824Kb
 bounds [0x0000000001fd0000, 0x00000000023b0000, 0x0000000010fd0000]
 total_blobs=1717 nmethods=1088 adapters=541
 compilation: enabled

Compilation events (10 events):
Event: 5.398 Thread 0x0000000016b52000 1086       3       java.lang.ThreadLocal$ThreadLocalMap::getEntry (42 bytes)
Event: 5.399 Thread 0x0000000016b52000 nmethod 1086 0x00000000023a78d0 code [0x00000000023a7a40, 0x00000000023a7d28]
Event: 5.399 Thread 0x0000000016b52000 1082       1       javafx.event.Event::getTarget (5 bytes)
Event: 5.399 Thread 0x0000000016b52000 nmethod 1082 0x00000000023a7e90 code [0x00000000023a7fe0, 0x00000000023a80f0]
Event: 5.399 Thread 0x0000000016b52000 1087       3       java.util.HashMap::clear (50 bytes)
Event: 5.400 Thread 0x0000000016b52000 nmethod 1087 0x00000000023a8150 code [0x00000000023a82c0, 0x00000000023a8690]
Event: 5.400 Thread 0x0000000016b52000 1084       1       javafx.scene.input.PickResult::getIntersectedPoint (5 bytes)
Event: 5.400 Thread 0x0000000016b52000 nmethod 1084 0x00000000023a87d0 code [0x00000000023a8920, 0x00000000023a8a30]
Event: 5.401 Thread 0x0000000016b52000 1088       3       javafx.collections.ListChangeBuilder::checkAddRemoveList (19 bytes)
Event: 5.402 Thread 0x0000000016b52000 nmethod 1088 0x00000000023a8a90 code [0x00000000023a8c00, 0x00000000023a8f90]

GC Heap History (0 events):
No events

Deoptimization events (10 events):
Event: 3.252 Thread 0x000000001879b800 Uncommon trap: reason=class_check action=maybe_recompile pc=0x000000000228efe0 method=java.io.DataInputStream.readShort()S @ 4
Event: 3.254 Thread 0x000000001879b800 Uncommon trap: reason=class_check action=maybe_recompile pc=0x000000000228efe0 method=java.io.DataInputStream.readShort()S @ 4
Event: 3.257 Thread 0x000000001879b800 Uncommon trap: reason=class_check action=maybe_recompile pc=0x000000000228efe0 method=java.io.DataInputStream.readShort()S @ 4
Event: 3.257 Thread 0x000000001879b800 Uncommon trap: reason=class_check action=maybe_recompile pc=0x000000000228efe0 method=java.io.DataInputStream.readShort()S @ 4
Event: 3.282 Thread 0x000000001879b800 Uncommon trap: reason=class_check action=maybe_recompile pc=0x00000000020ed3b0 method=java.lang.String.equals(Ljava/lang/Object;)Z @ 8
Event: 3.282 Thread 0x000000001879b800 Uncommon trap: reason=class_check action=maybe_recompile pc=0x00000000020ed3b0 method=java.lang.String.equals(Ljava/lang/Object;)Z @ 8
Event: 3.282 Thread 0x000000001879b800 Uncommon trap: reason=class_check action=maybe_recompile pc=0x00000000020ed3b0 method=java.lang.String.equals(Ljava/lang/Object;)Z @ 8
Event: 3.290 Thread 0x000000001879b800 Uncommon trap: reason=class_check action=maybe_recompile pc=0x00000000020ed3b0 method=java.lang.String.equals(Ljava/lang/Object;)Z @ 8
Event: 3.761 Thread 0x000000001879b800 Uncommon trap: reason=unstable_if action=reinterpret pc=0x00000000022bb524 method=sun.misc.URLClassPath$JarLoader.ensureOpen()V @ 4
Event: 3.877 Thread 0x000000001879b800 Uncommon trap: reason=unstable_if action=reinterpret pc=0x00000000022609a8 method=jdk.internal.org.objectweb.asm.Type.getArgumentsAndReturnSizes(Ljava/lang/String;)I @ 47

Internal exceptions (10 events):
Event: 0.205 Thread 0x0000000001ed1000 Exception <a 'java/lang/NoSuchFieldError': method resolution failed> (0x00000000d61d75f0) thrown at [C:\re\workspace\8-2-build-windows-amd64-cygwin\jdk8u60\4407\hotspot\src\share\vm\prims\methodHandles.cpp, line 1146]
Event: 0.231 Thread 0x0000000001ed1000 Exception <a 'java/security/PrivilegedActionException'> (0x00000000d6262f40) thrown at [C:\re\workspace\8-2-build-windows-amd64-cygwin\jdk8u60\4407\hotspot\src\share\vm\prims\jvm.cpp, line 1386]
Event: 0.231 Thread 0x0000000001ed1000 Exception <a 'java/security/PrivilegedActionException'> (0x00000000d6263150) thrown at [C:\re\workspace\8-2-build-windows-amd64-cygwin\jdk8u60\4407\hotspot\src\share\vm\prims\jvm.cpp, line 1386]
Event: 0.233 Thread 0x0000000001ed1000 Exception <a 'java/security/PrivilegedActionException'> (0x00000000d6266f98) thrown at [C:\re\workspace\8-2-build-windows-amd64-cygwin\jdk8u60\4407\hotspot\src\share\vm\prims\jvm.cpp, line 1386]
Event: 0.233 Thread 0x0000000001ed1000 Exception <a 'java/security/PrivilegedActionException'> (0x00000000d62671a8) thrown at [C:\re\workspace\8-2-build-windows-amd64-cygwin\jdk8u60\4407\hotspot\src\share\vm\prims\jvm.cpp, line 1386]
Event: 0.233 Thread 0x0000000001ed1000 Exception <a 'java/lang/NullPointerException'> (0x00000000d6267780) thrown at [C:\re\workspace\8-2-build-windows-amd64-cygwin\jdk8u60\4407\hotspot\src\share\vm\interpreter\linkResolver.cpp, line 1178]
Event: 0.592 Thread 0x000000001879b800 Exception <a 'java/lang/NullPointerException'> (0x00000000d6beed10) thrown at [C:\re\workspace\8-2-build-windows-amd64-cygwin\jdk8u60\4407\hotspot\src\share\vm\interpreter\linkResolver.cpp, line 1178]
Event: 0.592 Thread 0x000000001879b800 Exception <a 'java/lang/NullPointerException'> (0x00000000d6beed10) thrown at [C:\re\workspace\8-2-build-windows-amd64-cygwin\jdk8u60\4407\hotspot\src\share\vm\prims\jvm.cpp, line 1390]
Event: 3.760 Thread 0x000000001879b800 Implicit null exception at 0x00000000022ba45a to 0x00000000022bb4fd
Event: 5.422 Thread 0x0000000018588000 Exception <a 'java/lang/IllegalStateException'> (0x00000000d7f78f08) thrown at [C:\re\workspace\8-2-build-windows-amd64-cygwin\jdk8u60\4407\hotspot\src\share\vm\prims\jvm.cpp, line 1390]

Events (10 events):
Event: 5.413 loading class com/sun/javafx/tk/quantum/QuantumRenderer
Event: 5.413 loading class com/sun/javafx/tk/quantum/QuantumRenderer done
Event: 5.415 loading class com/sun/javafx/tk/quantum/QuantumToolkit
Event: 5.415 loading class com/sun/javafx/tk/quantum/QuantumToolkit done
Event: 5.415 loading class java/util/LinkedList$ListItr
Event: 5.415 loading class java/util/LinkedList$ListItr done
Event: 5.416 loading class com/sun/prism/ResourceFactoryListener
Event: 5.416 loading class com/sun/prism/ResourceFactoryListener done
Event: 5.423 Thread 0x0000000018588000 Thread exited: 0x0000000018588000
Event: 5.423 Executing VM operation: Exit


Dynamic libraries:
0x00007ff7aa1b0000 - 0x00007ff7aa1e7000 	C:\Program Files\Java\jdk1.8.0_60\jre\bin\java.exe
0x00007ffc2d8e0000 - 0x00007ffc2da8c000 	C:\WINDOWS\SYSTEM32\ntdll.dll
0x00007ffc2d640000 - 0x00007ffc2d77e000 	C:\WINDOWS\system32\KERNEL32.DLL
0x00007ffc2ab00000 - 0x00007ffc2ac15000 	C:\WINDOWS\system32\KERNELBASE.dll
0x00007ffc295d0000 - 0x00007ffc2965e000 	C:\WINDOWS\system32\apphelp.dll
0x00007ffc1bcc0000 - 0x00007ffc1bd13000 	C:\WINDOWS\AppPatch\AppPatch64\AcGenral.DLL
0x00007ffc2cb10000 - 0x00007ffc2cbba000 	C:\WINDOWS\system32\msvcrt.dll
0x00007ffc2a8d0000 - 0x00007ffc2a8fe000 	C:\WINDOWS\SYSTEM32\SspiCli.dll
0x00007ffc2d380000 - 0x00007ffc2d3d4000 	C:\WINDOWS\system32\SHLWAPI.dll
0x00007ffc2af60000 - 0x00007ffc2b0d7000 	C:\WINDOWS\system32\USER32.dll
0x00007ffc2cd70000 - 0x00007ffc2cf04000 	C:\WINDOWS\system32\ole32.dll
0x00007ffc2b340000 - 0x00007ffc2c86b000 	C:\WINDOWS\system32\SHELL32.dll
0x00007ffc2a2f0000 - 0x00007ffc2a311000 	C:\WINDOWS\SYSTEM32\USERENV.dll
0x00007ffc2b290000 - 0x00007ffc2b33a000 	C:\WINDOWS\system32\ADVAPI32.dll
0x00007ffc13620000 - 0x00007ffc1363e000 	C:\WINDOWS\SYSTEM32\MPR.dll
0x00007ffc2cc20000 - 0x00007ffc2cd61000 	C:\WINDOWS\system32\RPCRT4.dll
0x00007ffc2cab0000 - 0x00007ffc2cb09000 	C:\WINDOWS\SYSTEM32\sechost.dll
0x00007ffc2c870000 - 0x00007ffc2ca81000 	C:\WINDOWS\SYSTEM32\combase.dll
0x00007ffc2cfe0000 - 0x00007ffc2d12f000 	C:\WINDOWS\system32\GDI32.dll
0x00007ffc2aa30000 - 0x00007ffc2aa45000 	C:\WINDOWS\SYSTEM32\profapi.dll
0x00007ffc28bb0000 - 0x00007ffc28c62000 	C:\WINDOWS\SYSTEM32\SHCORE.dll
0x00007ffc2d3e0000 - 0x00007ffc2d416000 	C:\WINDOWS\system32\IMM32.DLL
0x00007ffc2d420000 - 0x00007ffc2d572000 	C:\WINDOWS\system32\MSCTF.dll
0x00007ffc267d0000 - 0x00007ffc26a4b000 	C:\WINDOWS\WinSxS\amd64_microsoft.windows.common-controls_6595b64144ccf1df_6.0.9600.18006_none_623f33d3ecbe86e8\COMCTL32.dll
0x0000000054ad0000 - 0x0000000054ba2000 	C:\Program Files\Java\jdk1.8.0_60\jre\bin\msvcr100.dll
0x0000000054bb0000 - 0x0000000055439000 	C:\Program Files\Java\jdk1.8.0_60\jre\bin\server\jvm.dll
0x00007ffc18ce0000 - 0x00007ffc18ce9000 	C:\WINDOWS\SYSTEM32\WSOCK32.dll
0x00007ffc21940000 - 0x00007ffc21962000 	C:\WINDOWS\SYSTEM32\WINMM.dll
0x00007ffc1ee80000 - 0x00007ffc1ee8a000 	C:\WINDOWS\SYSTEM32\VERSION.dll
0x00007ffc2d790000 - 0x00007ffc2d797000 	C:\WINDOWS\system32\PSAPI.DLL
0x00007ffc2cbc0000 - 0x00007ffc2cc1a000 	C:\WINDOWS\system32\WS2_32.dll
0x00007ffc21910000 - 0x00007ffc2193a000 	C:\WINDOWS\SYSTEM32\WINMMBASE.dll
0x00007ffc2d810000 - 0x00007ffc2d819000 	C:\WINDOWS\system32\NSI.dll
0x00007ffc2ac80000 - 0x00007ffc2accf000 	C:\WINDOWS\SYSTEM32\cfgmgr32.dll
0x00007ffc29820000 - 0x00007ffc29848000 	C:\WINDOWS\SYSTEM32\DEVOBJ.dll
0x0000000054a80000 - 0x0000000054a8f000 	C:\Program Files\Java\jdk1.8.0_60\jre\bin\verify.dll
0x0000000054a50000 - 0x0000000054a79000 	C:\Program Files\Java\jdk1.8.0_60\jre\bin\java.dll
0x0000000054a30000 - 0x0000000054a46000 	C:\Program Files\Java\jdk1.8.0_60\jre\bin\zip.dll
0x00007ffc16660000 - 0x00007ffc1674f000 	C:\Program Files\Java\jdk1.8.0_60\jre\bin\msvcr120.dll
0x00007ffc1bb60000 - 0x00007ffc1bc06000 	C:\Program Files\Java\jdk1.8.0_60\jre\bin\msvcp120.dll
0x0000000055620000 - 0x0000000055643000 	C:\Program Files\Java\jdk1.8.0_60\jre\bin\prism_d3d.dll
0x00007ffc14630000 - 0x00007ffc14851000 	C:\WINDOWS\system32\d3d9.dll
0x00007ffc289b0000 - 0x00007ffc289d1000 	C:\WINDOWS\SYSTEM32\dwmapi.dll
0x00007ffc296a0000 - 0x00007ffc297c9000 	C:\WINDOWS\system32\uxtheme.dll
0x00000000555d0000 - 0x0000000055613000 	C:\Program Files\Java\jdk1.8.0_60\jre\bin\glass.dll
0x00007ffc2d820000 - 0x00007ffc2d8d6000 	C:\WINDOWS\system32\COMDLG32.dll
0x00007ffc2cf10000 - 0x00007ffc2cfd1000 	C:\WINDOWS\system32\OLEAUT32.dll
0x00007ffc23ca0000 - 0x00007ffc23d4b000 	C:\Program Files\Common Files\microsoft shared\ink\tiptsf.dll
0x00007ffc29890000 - 0x00007ffc2989b000 	C:\WINDOWS\SYSTEM32\kernel.appcore.dll
0x00007ffc2a970000 - 0x00007ffc2a97b000 	C:\WINDOWS\SYSTEM32\CRYPTBASE.dll
0x00007ffc2a900000 - 0x00007ffc2a963000 	C:\WINDOWS\SYSTEM32\bcryptPrimitives.dll
0x00000000555b0000 - 0x00000000555c4000 	C:\Program Files\Java\jdk1.8.0_60\jre\bin\javafx_font.dll
0x00007ffc25a30000 - 0x00007ffc25c1c000 	C:\WINDOWS\SYSTEM32\dwrite.dll
0x00007ffc2d580000 - 0x00007ffc2d636000 	C:\WINDOWS\SYSTEM32\clbcatq.dll
0x00007ffc28800000 - 0x00007ffc289ae000 	C:\WINDOWS\SYSTEM32\WindowsCodecs.dll
0x00007ffc2a360000 - 0x00007ffc2a380000 	C:\WINDOWS\SYSTEM32\CRYPTSP.dll
0x00007ffc29f30000 - 0x00007ffc29f66000 	C:\WINDOWS\system32\rsaenh.dll
0x00007ffc2a5c0000 - 0x00007ffc2a5e6000 	C:\WINDOWS\SYSTEM32\bcrypt.dll
0x00007ffc22130000 - 0x00007ffc2215e000 	C:\Program Files\Common Files\Microsoft Shared\Ink\rtscom.dll
0x00007ffc25910000 - 0x00007ffc2597a000 	C:\WINDOWS\SYSTEM32\oleacc.dll
0x00007ffc24cf0000 - 0x00007ffc25171000 	C:\WINDOWS\SYSTEM32\d2d1.dll
0x00007ffc285c0000 - 0x00007ffc287f3000 	C:\WINDOWS\SYSTEM32\d3d11.dll
0x00007ffc28d00000 - 0x00007ffc28d87000 	C:\WINDOWS\SYSTEM32\dxgi.dll
0x00007ffc12a10000 - 0x00007ffc12c6f000 	C:\WINDOWS\SYSTEM32\D3D10Warp.dll
0x0000000054720000 - 0x0000000054731000 	C:\Program Files\Java\jdk1.8.0_60\jre\bin\prism_common.dll
0x00007ffc19c70000 - 0x00007ffc19df9000 	C:\WINDOWS\SYSTEM32\dbghelp.dll

VM Arguments:
java_command: C:\Users\Martin\Documents\ASYAR14\oomu\trunk\bin\jar\Arena.jar
java_class_path (initial): C:\Users\Martin\Documents\ASYAR14\oomu\trunk\bin\jar\Arena.jar
Launcher Type: SUN_STANDARD

Environment Variables:
PATH=C:\ProgramData\Oracle\Java\javapath;C:\Program Files\Haskell\bin;C:\Program Files\Haskell Platform\2014.2.0.0\lib\extralibs\bin;C:\Program Files\Haskell Platform\2014.2.0.0\bin;C:\Program Files (x86)\Intel\iCLS Client\;C:\Program Files\Intel\iCLS Client\;C:\WINDOWS\system32;C:\WINDOWS;C:\WINDOWS\System32\Wbem;C:\WINDOWS\System32\WindowsPowerShell\v1.0\;C:\Program Files\Intel\Intel(R) Management Engine Components\DAL;C:\Program Files\Intel\Intel(R) Management Engine Components\IPT;C:\Program Files (x86)\Intel\Intel(R) Management Engine Components\DAL;C:\Program Files (x86)\Intel\Intel(R) Management Engine Components\IPT;C:\Program Files\Intel\WiFi\bin\;C:\Program Files\Common Files\Intel\WirelessCommon\;C:\Program Files\Haskell Platform\2014.2.0.0\mingw\bin;C:\Program Files (x86)\Windows Kits\8.1\Windows Performance Toolkit\;C:\Program Files\Microsoft SQL Server\110\Tools\Binn\;C:\Program Files (x86)\Microsoft SDKs\TypeScript\1.0\;C:\Program Files\Microsoft SQL Server\120\Tools\Binn\;C:\Program Files\Microsoft SQL Server\Client SDK\ODBC\110\Tools\Binn\;C:\Program Files (x86)\Microsoft SQL Server\120\Tools\Binn\ManagementStudio\;C:\Program Files (x86)\Microsoft SQL Server\120\Tools\Binn\;C:\Program Files (x86)\Microsoft SQL Server\120\DTS\Binn\;C:\Program Files\Microsoft SQL Server\120\DTS\Binn\;C:\Program Files (x86)\Skype\Phone\;C:\Program Files\TortoiseSVN\bin;C:\Users\Martin\AppData\Roaming\cabal\bin
USERNAME=Martin
OS=Windows_NT
PROCESSOR_IDENTIFIER=Intel64 Family 6 Model 69 Stepping 1, GenuineIntel



---------------  S Y S T E M  ---------------

OS: Windows 8.1 , 64 bit Build 9600 (6.3.9600.17415)

CPU:total 4 (2 cores per cpu, 2 threads per core) family 6 model 69 stepping 1, cmov, cx8, fxsr, mmx, sse, sse2, sse3, ssse3, sse4.1, sse4.2, popcnt, avx, avx2, aes, clmul, erms, lzcnt, ht, tsc, tscinvbit, bmi1, bmi2

Memory: 4k page, physical 8269240k(2631148k free), swap 9579960k(2138804k free)

vm_info: Java HotSpot(TM) 64-Bit Server VM (25.60-b23) for windows-amd64 JRE (1.8.0_60-b27), built on Aug  4 2015 11:06:27 by "java_re" with MS VC++ 10.0 (VS2010)

time: Thu Nov 05 20:27:55 2015
elapsed time: 5 seconds (0d 0h 0m 5s)

